2023-03-03 01:39:53,620 DEBUG    root            Loaded Command Group: ['gcloud', 'components']
2023-03-03 01:39:53,623 DEBUG    root            Loaded Command Group: ['gcloud', 'components', 'update']
2023-03-03 01:39:53,625 DEBUG    root            Running [gcloud.components.update] with arguments: [--quiet: "True", COMPONENT-IDS:8: "['gcloud', 'core', 'bq', 'gsutil', 'compute', 'preview', 'alpha', 'beta']"]
2023-03-03 01:39:53,626 INFO     ___FILE_ONLY___ Beginning update. This process may take several minutes.

2023-03-03 01:39:53,630 DEBUG    urllib3.connectionpool Starting new HTTPS connection (1): dl.google.com:443
2023-03-03 01:39:53,981 DEBUG    urllib3.connectionpool https://dl.google.com:443 "GET /dl/cloudsdk/channels/rapid/components-2.json HTTP/1.1" 200 206156
2023-03-03 01:39:53,997 WARNING  root            Component [preview] no longer exists.
2023-03-03 01:39:53,997 WARNING  root            Component [compute] no longer exists.
2023-03-03 01:39:53,998 INFO     ___FILE_ONLY___ 

2023-03-03 01:39:53,999 INFO     ___FILE_ONLY___ 
Your current Google Cloud CLI version is: 420.0.0

2023-03-03 01:39:53,999 INFO     ___FILE_ONLY___ Installing components from version: 420.0.0

2023-03-03 01:39:53,999 INFO     ___FILE_ONLY___ 

2023-03-03 01:39:53,999 DEBUG    root            Chosen display Format:table[box,title="These components will be removed."](details.display_name:label=Name:align=left,version.version_string:label=Version:align=right,data.size.size(zero="",min=1048576):label=Size:align=right)
2023-03-03 01:39:54,000 DEBUG    root            Chosen display Format:table[box,title="These components will be updated."](details.display_name:label=Name:align=left,version.version_string:label=Version:align=right,data.size.size(zero="",min=1048576):label=Size:align=right)
2023-03-03 01:39:54,000 DEBUG    root            Chosen display Format:table[box,title="These components will be installed."](details.display_name:label=Name:align=left,version.version_string:label=Version:align=right,data.size.size(zero="",min=1048576):label=Size:align=right)
2023-03-03 01:39:54,002 INFO     ___FILE_ONLY___ ┌──────────────────────────────────────────────┐
2023-03-03 01:39:54,002 INFO     ___FILE_ONLY___ 

2023-03-03 01:39:54,002 INFO     ___FILE_ONLY___ │     These components will be installed.      │
2023-03-03 01:39:54,002 INFO     ___FILE_ONLY___ 

2023-03-03 01:39:54,002 INFO     ___FILE_ONLY___ ├───────────────────────┬────────────┬─────────┤
2023-03-03 01:39:54,002 INFO     ___FILE_ONLY___ 

2023-03-03 01:39:54,002 INFO     ___FILE_ONLY___ │          Name         │  Version   │   Size  │
2023-03-03 01:39:54,002 INFO     ___FILE_ONLY___ 

2023-03-03 01:39:54,002 INFO     ___FILE_ONLY___ ├───────────────────────┼────────────┼─────────┤
2023-03-03 01:39:54,002 INFO     ___FILE_ONLY___ 

2023-03-03 01:39:54,002 INFO     ___FILE_ONLY___ │ 
2023-03-03 01:39:54,003 INFO     ___FILE_ONLY___ gcloud Alpha Commands
2023-03-03 01:39:54,003 INFO     ___FILE_ONLY___  
2023-03-03 01:39:54,003 INFO     ___FILE_ONLY___ │ 
2023-03-03 01:39:54,003 INFO     ___FILE_ONLY___ 2023.02.24
2023-03-03 01:39:54,003 INFO     ___FILE_ONLY___  
2023-03-03 01:39:54,003 INFO     ___FILE_ONLY___ │ 
2023-03-03 01:39:54,003 INFO     ___FILE_ONLY___ < 1 MiB
2023-03-03 01:39:54,003 INFO     ___FILE_ONLY___  
2023-03-03 01:39:54,003 INFO     ___FILE_ONLY___ │
2023-03-03 01:39:54,003 INFO     ___FILE_ONLY___ 

2023-03-03 01:39:54,003 INFO     ___FILE_ONLY___ │ 
2023-03-03 01:39:54,003 INFO     ___FILE_ONLY___ gcloud Beta Commands 
2023-03-03 01:39:54,003 INFO     ___FILE_ONLY___  
2023-03-03 01:39:54,003 INFO     ___FILE_ONLY___ │ 
2023-03-03 01:39:54,003 INFO     ___FILE_ONLY___ 2023.02.24
2023-03-03 01:39:54,004 INFO     ___FILE_ONLY___  
2023-03-03 01:39:54,004 INFO     ___FILE_ONLY___ │ 
2023-03-03 01:39:54,004 INFO     ___FILE_ONLY___ < 1 MiB
2023-03-03 01:39:54,004 INFO     ___FILE_ONLY___  
2023-03-03 01:39:54,004 INFO     ___FILE_ONLY___ │
2023-03-03 01:39:54,004 INFO     ___FILE_ONLY___ 

2023-03-03 01:39:54,004 INFO     ___FILE_ONLY___ └───────────────────────┴────────────┴─────────┘
2023-03-03 01:39:54,004 INFO     ___FILE_ONLY___ 

2023-03-03 01:39:54,004 INFO     ___FILE_ONLY___ 

2023-03-03 01:39:54,006 DEBUG    urllib3.connectionpool Starting new HTTPS connection (1): dl.google.com:443
2023-03-03 01:39:54,351 DEBUG    urllib3.connectionpool https://dl.google.com:443 "GET /dl/cloudsdk/channels/rapid/RELEASE_NOTES HTTP/1.1" 200 950549
2023-03-03 01:39:54,376 INFO     ___FILE_ONLY___ For the latest full release notes, please visit:
  https://cloud.google.com/sdk/release_notes


2023-03-03 01:39:54,382 INFO     ___FILE_ONLY___ ╔════════════════════════════════════════════════════════════╗

2023-03-03 01:39:54,382 INFO     ___FILE_ONLY___ ╠═ Creating update staging area                             ═╣

2023-03-03 01:39:54,382 INFO     ___FILE_ONLY___ ╚
2023-03-03 01:39:54,383 INFO     ___FILE_ONLY___ ══════
2023-03-03 01:39:54,948 INFO     ___FILE_ONLY___ ══════
2023-03-03 01:39:54,948 INFO     ___FILE_ONLY___ ══════
2023-03-03 01:39:55,252 INFO     ___FILE_ONLY___ ═
2023-03-03 01:39:55,324 INFO     ___FILE_ONLY___ ═
2023-03-03 01:39:55,416 INFO     ___FILE_ONLY___ ═
2023-03-03 01:39:55,520 INFO     ___FILE_ONLY___ ═
2023-03-03 01:39:55,626 INFO     ___FILE_ONLY___ ═
2023-03-03 01:39:55,721 INFO     ___FILE_ONLY___ ═
2023-03-03 01:39:55,790 INFO     ___FILE_ONLY___ ═
2023-03-03 01:39:55,853 INFO     ___FILE_ONLY___ ═
2023-03-03 01:39:56,003 INFO     ___FILE_ONLY___ ═
2023-03-03 01:39:56,075 INFO     ___FILE_ONLY___ ═
2023-03-03 01:39:56,196 INFO     ___FILE_ONLY___ ═
2023-03-03 01:39:56,288 INFO     ___FILE_ONLY___ ═
2023-03-03 01:39:56,367 INFO     ___FILE_ONLY___ ═
2023-03-03 01:39:56,436 INFO     ___FILE_ONLY___ ═
2023-03-03 01:39:56,618 INFO     ___FILE_ONLY___ ═
2023-03-03 01:39:56,771 INFO     ___FILE_ONLY___ ═
2023-03-03 01:39:56,883 INFO     ___FILE_ONLY___ ═
2023-03-03 01:39:57,236 INFO     ___FILE_ONLY___ ═
2023-03-03 01:39:57,297 INFO     ___FILE_ONLY___ ═
2023-03-03 01:39:57,367 INFO     ___FILE_ONLY___ ═
2023-03-03 01:39:57,420 INFO     ___FILE_ONLY___ ═
2023-03-03 01:39:57,482 INFO     ___FILE_ONLY___ ═
2023-03-03 01:39:57,541 INFO     ___FILE_ONLY___ ═
2023-03-03 01:39:57,616 INFO     ___FILE_ONLY___ ═
2023-03-03 01:39:57,701 INFO     ___FILE_ONLY___ ═
2023-03-03 01:39:57,771 INFO     ___FILE_ONLY___ ═
2023-03-03 01:39:57,930 INFO     ___FILE_ONLY___ ═
2023-03-03 01:39:57,990 INFO     ___FILE_ONLY___ ═
2023-03-03 01:39:58,052 INFO     ___FILE_ONLY___ ═
2023-03-03 01:39:58,104 INFO     ___FILE_ONLY___ ═
2023-03-03 01:39:58,173 INFO     ___FILE_ONLY___ ═
2023-03-03 01:39:58,235 INFO     ___FILE_ONLY___ ═
2023-03-03 01:39:58,299 INFO     ___FILE_ONLY___ ═
2023-03-03 01:39:58,360 INFO     ___FILE_ONLY___ ═
2023-03-03 01:39:58,422 INFO     ___FILE_ONLY___ ═
2023-03-03 01:39:58,482 INFO     ___FILE_ONLY___ ═
2023-03-03 01:39:58,530 INFO     ___FILE_ONLY___ ═
2023-03-03 01:39:58,596 INFO     ___FILE_ONLY___ ═
2023-03-03 01:39:58,662 INFO     ___FILE_ONLY___ ═
2023-03-03 01:39:58,737 INFO     ___FILE_ONLY___ ═
2023-03-03 01:39:58,836 INFO     ___FILE_ONLY___ ═
2023-03-03 01:39:58,911 INFO     ___FILE_ONLY___ ═
2023-03-03 01:39:58,911 INFO     ___FILE_ONLY___ ╝

2023-03-03 01:40:01,385 INFO     ___FILE_ONLY___ ╔════════════════════════════════════════════════════════════╗

2023-03-03 01:40:01,385 INFO     ___FILE_ONLY___ ╠═ Installing: gcloud Alpha Commands                        ═╣

2023-03-03 01:40:01,386 INFO     ___FILE_ONLY___ ╚
2023-03-03 01:40:01,389 DEBUG    urllib3.connectionpool Starting new HTTPS connection (1): dl.google.com:443
2023-03-03 01:40:01,737 DEBUG    urllib3.connectionpool https://dl.google.com:443 "GET /dl/cloudsdk/channels/rapid/components/google-cloud-sdk-alpha-20230224152814.tar.gz HTTP/1.1" 200 800
2023-03-03 01:40:01,738 INFO     ___FILE_ONLY___ ══════════════════════════════
2023-03-03 01:40:01,740 INFO     ___FILE_ONLY___ ══════════════════════════════
2023-03-03 01:40:01,740 INFO     ___FILE_ONLY___ ╝

2023-03-03 01:40:01,751 INFO     ___FILE_ONLY___ ╔════════════════════════════════════════════════════════════╗

2023-03-03 01:40:01,751 INFO     ___FILE_ONLY___ ╠═ Installing: gcloud Beta Commands                         ═╣

2023-03-03 01:40:01,751 INFO     ___FILE_ONLY___ ╚
2023-03-03 01:40:01,755 DEBUG    urllib3.connectionpool Starting new HTTPS connection (1): dl.google.com:443
2023-03-03 01:40:01,784 DEBUG    urllib3.connectionpool https://dl.google.com:443 "GET /dl/cloudsdk/channels/rapid/components/google-cloud-sdk-beta-20230224152814.tar.gz HTTP/1.1" 200 797
2023-03-03 01:40:01,785 INFO     ___FILE_ONLY___ ══════════════════════════════
2023-03-03 01:40:01,786 INFO     ___FILE_ONLY___ ══════════════════════════════
2023-03-03 01:40:01,786 INFO     ___FILE_ONLY___ ╝

2023-03-03 01:40:01,796 INFO     ___FILE_ONLY___ ╔════════════════════════════════════════════════════════════╗

2023-03-03 01:40:01,796 INFO     ___FILE_ONLY___ ╠═ Creating backup and activating new installation          ═╣

2023-03-03 01:40:01,796 INFO     ___FILE_ONLY___ ╚
2023-03-03 01:40:01,797 DEBUG    root            Attempting to move directory [/tools/google-cloud-sdk] to [/tools/google-cloud-sdk.staging/.install/.backup]
2023-03-03 01:40:01,797 INFO     ___FILE_ONLY___ ══════════════════════════════
2023-03-03 01:40:01,797 DEBUG    root            Attempting to move directory [/tools/google-cloud-sdk.staging] to [/tools/google-cloud-sdk]
2023-03-03 01:40:01,797 INFO     ___FILE_ONLY___ ══════════════════════════════
2023-03-03 01:40:01,797 INFO     ___FILE_ONLY___ ╝

2023-03-03 01:40:01,802 DEBUG    root            Updating notification cache...
2023-03-03 01:40:01,802 INFO     ___FILE_ONLY___ 

2023-03-03 01:40:01,806 INFO     ___FILE_ONLY___ Performing post processing steps...
2023-03-03 01:40:01,807 DEBUG    root            Executing command: ['python3', '-S', '/tools/google-cloud-sdk/lib/gcloud.py', 'components', 'post-process']
2023-03-03 01:40:26,189 DEBUG    ___FILE_ONLY___ 
2023-03-03 01:40:26,189 DEBUG    ___FILE_ONLY___ 
2023-03-03 01:40:26,343 INFO     ___FILE_ONLY___ 
Update done!


2023-03-03 01:40:26,347 DEBUG    root            Chosen display Format:none
2023-03-03 01:40:26,347 INFO     root            Display format: "none"
